{
  "/Users/matt/Code/P3/profiles/src/constants.ts": {
    "path": "/Users/matt/Code/P3/profiles/src/constants.ts",
    "statementMap": {
      "0": {
        "start": { "line": 3, "column": 13 },
        "end": { "line": 3, "column": 52 }
      },
      "1": {
        "start": { "line": 4, "column": 13 },
        "end": { "line": 4, "column": 31 }
      },
      "2": {
        "start": { "line": 6, "column": 13 },
        "end": { "line": 21, "column": 2 }
      },
      "3": {
        "start": { "line": 23, "column": 13 },
        "end": { "line": 26, "column": 2 }
      },
      "4": {
        "start": { "line": 28, "column": 13 },
        "end": { "line": 31, "column": 2 }
      }
    },
    "fnMap": {},
    "branchMap": {},
    "s": { "0": 1, "1": 1, "2": 1, "3": 1, "4": 1 },
    "f": {},
    "b": {}
  },
  "/Users/matt/Code/P3/profiles/src/crypto/keychain.ts": {
    "path": "/Users/matt/Code/P3/profiles/src/crypto/keychain.ts",
    "statementMap": {
      "0": {
        "start": { "line": 3, "column": 0 },
        "end": { "line": 3, "column": 33 }
      },
      "1": {
        "start": { "line": 5, "column": 0 },
        "end": { "line": 5, "column": 13 }
      },
      "2": {
        "start": { "line": 27, "column": 4 },
        "end": { "line": 29, "column": null }
      },
      "3": {
        "start": { "line": 28, "column": 6 },
        "end": { "line": 28, "column": 54 }
      },
      "4": {
        "start": { "line": 30, "column": 4 },
        "end": { "line": 30, "column": 35 }
      },
      "5": {
        "start": { "line": 6, "column": 16 },
        "end": { "line": 22, "column": null }
      },
      "6": {
        "start": { "line": 7, "column": 10 },
        "end": { "line": 17, "column": 7 }
      },
      "7": {
        "start": { "line": 7, "column": 12 },
        "end": { "line": 7, "column": 21 }
      },
      "8": {
        "start": { "line": 7, "column": 23 },
        "end": { "line": 7, "column": null }
      },
      "9": {
        "start": { "line": 18, "column": 4 },
        "end": { "line": 21, "column": 7 }
      },
      "10": {
        "start": { "line": 33, "column": 9 },
        "end": { "line": 43, "column": null }
      },
      "11": {
        "start": { "line": 34, "column": 23 },
        "end": { "line": 34, "column": 50 }
      },
      "12": {
        "start": { "line": 35, "column": 4 },
        "end": { "line": 39, "column": null }
      },
      "13": {
        "start": { "line": 36, "column": 6 },
        "end": { "line": 38, "column": 8 }
      },
      "14": {
        "start": { "line": 40, "column": 17 },
        "end": { "line": 40, "column": 48 }
      },
      "15": {
        "start": { "line": 41, "column": 4 },
        "end": { "line": 41, "column": 22 }
      },
      "16": {
        "start": { "line": 42, "column": 4 },
        "end": { "line": 42, "column": 58 }
      },
      "17": {
        "start": { "line": 45, "column": 9 },
        "end": { "line": 55, "column": null }
      },
      "18": {
        "start": { "line": 46, "column": 22 },
        "end": { "line": 46, "column": 48 }
      },
      "19": {
        "start": { "line": 47, "column": 4 },
        "end": { "line": 51, "column": null }
      },
      "20": {
        "start": { "line": 48, "column": 6 },
        "end": { "line": 50, "column": 8 }
      },
      "21": {
        "start": { "line": 52, "column": 19 },
        "end": { "line": 52, "column": 52 }
      },
      "22": {
        "start": { "line": 53, "column": 4 },
        "end": { "line": 53, "column": 24 }
      },
      "23": {
        "start": { "line": 54, "column": 4 },
        "end": { "line": 54, "column": 67 }
      },
      "24": {
        "start": { "line": 57, "column": 9 },
        "end": { "line": 59, "column": null }
      },
      "25": {
        "start": { "line": 58, "column": 4 },
        "end": { "line": 58, "column": 28 }
      },
      "26": {
        "start": { "line": 60, "column": 0 },
        "end": { "line": 60, "column": null }
      },
      "27": {
        "start": { "line": 5, "column": 13 },
        "end": { "line": 5, "column": 28 }
      }
    },
    "fnMap": {
      "0": {
        "name": "(anonymous_1)",
        "decl": {
          "start": { "line": 5, "column": 0 },
          "end": { "line": 5, "column": 13 }
        },
        "loc": {
          "start": { "line": 5, "column": 0 },
          "end": { "line": 60, "column": null }
        }
      },
      "1": {
        "name": "PaladinKeychain",
        "decl": {
          "start": { "line": 26, "column": 2 },
          "end": { "line": 26, "column": 14 }
        },
        "loc": {
          "start": { "line": 26, "column": 39 },
          "end": { "line": 31, "column": 3 }
        }
      },
      "2": {
        "name": "(anonymous_3)",
        "decl": {
          "start": { "line": 6, "column": 2 },
          "end": { "line": 6, "column": 16 }
        },
        "loc": {
          "start": { "line": 6, "column": 2 },
          "end": { "line": 22, "column": 3 }
        }
      },
      "3": {
        "name": "(anonymous_4)",
        "decl": {
          "start": { "line": 33, "column": 2 },
          "end": { "line": 33, "column": 9 }
        },
        "loc": {
          "start": { "line": 33, "column": 26 },
          "end": { "line": 43, "column": 3 }
        }
      },
      "4": {
        "name": "(anonymous_5)",
        "decl": {
          "start": { "line": 45, "column": 2 },
          "end": { "line": 45, "column": 9 }
        },
        "loc": {
          "start": { "line": 45, "column": 51 },
          "end": { "line": 55, "column": 3 }
        }
      },
      "5": {
        "name": "(anonymous_6)",
        "decl": {
          "start": { "line": 57, "column": 2 },
          "end": { "line": 57, "column": 9 }
        },
        "loc": {
          "start": { "line": 57, "column": 2 },
          "end": { "line": 59, "column": 3 }
        }
      }
    },
    "branchMap": {
      "0": {
        "loc": {
          "start": { "line": 27, "column": 4 },
          "end": { "line": 29, "column": null }
        },
        "type": "if",
        "locations": [
          {
            "start": { "line": 27, "column": 4 },
            "end": { "line": 29, "column": null }
          },
          {
            "start": { "line": 27, "column": 4 },
            "end": { "line": 29, "column": null }
          }
        ]
      },
      "1": {
        "loc": {
          "start": { "line": 35, "column": 4 },
          "end": { "line": 39, "column": null }
        },
        "type": "if",
        "locations": [
          {
            "start": { "line": 35, "column": 4 },
            "end": { "line": 39, "column": null }
          },
          {
            "start": { "line": 35, "column": 4 },
            "end": { "line": 39, "column": null }
          }
        ]
      },
      "2": {
        "loc": {
          "start": { "line": 47, "column": 4 },
          "end": { "line": 51, "column": null }
        },
        "type": "if",
        "locations": [
          {
            "start": { "line": 47, "column": 4 },
            "end": { "line": 51, "column": null }
          },
          {
            "start": { "line": 47, "column": 4 },
            "end": { "line": 51, "column": null }
          }
        ]
      }
    },
    "s": {
      "0": 2,
      "1": 2,
      "2": 26,
      "3": 1,
      "4": 25,
      "5": 2,
      "6": 10,
      "7": 10,
      "8": 10,
      "9": 10,
      "10": 2,
      "11": 11,
      "12": 11,
      "13": 1,
      "14": 10,
      "15": 10,
      "16": 10,
      "17": 2,
      "18": 11,
      "19": 11,
      "20": 1,
      "21": 10,
      "22": 10,
      "23": 10,
      "24": 2,
      "25": 7,
      "26": 2,
      "27": 2
    },
    "f": { "0": 2, "1": 26, "2": 10, "3": 11, "4": 11, "5": 7 },
    "b": { "0": [1, 25], "1": [1, 10], "2": [1, 10] }
  },
  "/Users/matt/Code/P3/profiles/src/paladin/paladin.ts": {
    "path": "/Users/matt/Code/P3/profiles/src/paladin/paladin.ts",
    "statementMap": {
      "0": {
        "start": { "line": 2, "column": 0 },
        "end": { "line": 2, "column": 28 }
      },
      "1": {
        "start": { "line": 3, "column": 0 },
        "end": { "line": 3, "column": 58 }
      },
      "2": {
        "start": { "line": 4, "column": 0 },
        "end": { "line": 4, "column": 53 }
      },
      "3": {
        "start": { "line": 5, "column": 0 },
        "end": { "line": 5, "column": 28 }
      },
      "4": {
        "start": { "line": 7, "column": 0 },
        "end": { "line": 7, "column": 13 }
      },
      "5": {
        "start": { "line": 13, "column": 14 },
        "end": { "line": 13, "column": null }
      },
      "6": {
        "start": { "line": 11, "column": 10 },
        "end": { "line": 11, "column": 33 }
      },
      "7": {
        "start": { "line": 14, "column": 4 },
        "end": { "line": 23, "column": null }
      },
      "8": {
        "start": { "line": 16, "column": 6 },
        "end": { "line": 16, "column": 61 }
      },
      "9": {
        "start": { "line": 17, "column": 6 },
        "end": { "line": 19, "column": null }
      },
      "10": {
        "start": { "line": 18, "column": 8 },
        "end": { "line": 18, "column": 68 }
      },
      "11": {
        "start": { "line": 22, "column": 6 },
        "end": { "line": 22, "column": 49 }
      },
      "12": {
        "start": { "line": 26, "column": 9 },
        "end": { "line": 34, "column": null }
      },
      "13": {
        "start": { "line": 27, "column": 20 },
        "end": { "line": 27, "column": 61 }
      },
      "14": {
        "start": { "line": 28, "column": 22 },
        "end": { "line": 28, "column": 52 }
      },
      "15": {
        "start": { "line": 29, "column": 21 },
        "end": { "line": 29, "column": 39 }
      },
      "16": {
        "start": { "line": 30, "column": 4 },
        "end": { "line": 32, "column": null }
      },
      "17": {
        "start": { "line": 31, "column": 6 },
        "end": { "line": 31, "column": 19 }
      },
      "18": {
        "start": { "line": 33, "column": 4 },
        "end": { "line": 33, "column": 47 }
      },
      "19": {
        "start": { "line": 36, "column": 9 },
        "end": { "line": 38, "column": null }
      },
      "20": {
        "start": { "line": 37, "column": 4 },
        "end": { "line": 37, "column": 22 }
      },
      "21": {
        "start": { "line": 40, "column": 9 },
        "end": { "line": 43, "column": null }
      },
      "22": {
        "start": { "line": 41, "column": 4 },
        "end": { "line": 41, "column": 22 }
      },
      "23": {
        "start": { "line": 42, "column": 4 },
        "end": { "line": 42, "column": 73 }
      },
      "24": {
        "start": { "line": 45, "column": 9 },
        "end": { "line": 54, "column": null }
      },
      "25": {
        "start": { "line": 46, "column": 4 },
        "end": { "line": 48, "column": null }
      },
      "26": {
        "start": { "line": 47, "column": 6 },
        "end": { "line": 47, "column": 71 }
      },
      "27": {
        "start": { "line": 49, "column": 4 },
        "end": { "line": 49, "column": 22 }
      },
      "28": {
        "start": { "line": 50, "column": 4 },
        "end": { "line": 53, "column": 6 }
      },
      "29": {
        "start": { "line": 56, "column": 9 },
        "end": { "line": 78, "column": null }
      },
      "30": {
        "start": { "line": 58, "column": 21 },
        "end": { "line": 58, "column": 39 }
      },
      "31": {
        "start": { "line": 59, "column": 4 },
        "end": { "line": 61, "column": null }
      },
      "32": {
        "start": { "line": 60, "column": 6 },
        "end": { "line": 60, "column": 71 }
      },
      "33": {
        "start": { "line": 64, "column": 4 },
        "end": { "line": 64, "column": 44 }
      },
      "34": {
        "start": { "line": 67, "column": 4 },
        "end": { "line": 69, "column": null }
      },
      "35": {
        "start": { "line": 68, "column": 6 },
        "end": { "line": 68, "column": 60 }
      },
      "36": {
        "start": { "line": 70, "column": 4 },
        "end": { "line": 70, "column": 59 }
      },
      "37": {
        "start": { "line": 73, "column": 24 },
        "end": { "line": 73, "column": 65 }
      },
      "38": {
        "start": { "line": 74, "column": 4 },
        "end": { "line": 74, "column": 64 }
      },
      "39": {
        "start": { "line": 77, "column": 4 },
        "end": { "line": 77, "column": 23 }
      },
      "40": {
        "start": { "line": 80, "column": 9 },
        "end": { "line": 82, "column": null }
      },
      "41": {
        "start": { "line": 81, "column": 4 },
        "end": { "line": 81, "column": 24 }
      },
      "42": {
        "start": { "line": 84, "column": 9 },
        "end": { "line": 89, "column": null }
      },
      "43": {
        "start": { "line": 85, "column": 4 },
        "end": { "line": 87, "column": null }
      },
      "44": {
        "start": { "line": 86, "column": 6 },
        "end": { "line": 86, "column": 18 }
      },
      "45": {
        "start": { "line": 88, "column": 4 },
        "end": { "line": 88, "column": 57 }
      },
      "46": {
        "start": { "line": 91, "column": 9 },
        "end": { "line": 119, "column": null }
      },
      "47": {
        "start": { "line": 93, "column": 17 },
        "end": { "line": 93, "column": 47 }
      },
      "48": {
        "start": { "line": 96, "column": 21 },
        "end": { "line": 96, "column": 39 }
      },
      "49": {
        "start": { "line": 97, "column": 4 },
        "end": { "line": 99, "column": null }
      },
      "50": {
        "start": { "line": 98, "column": 6 },
        "end": { "line": 98, "column": 74 }
      },
      "51": {
        "start": { "line": 102, "column": 4 },
        "end": { "line": 106, "column": null }
      },
      "52": {
        "start": { "line": 103, "column": 6 },
        "end": { "line": 105, "column": 8 }
      },
      "53": {
        "start": { "line": 109, "column": 4 },
        "end": { "line": 112, "column": 6 }
      },
      "54": {
        "start": { "line": 111, "column": 16 },
        "end": { "line": 111, "column": null }
      },
      "55": {
        "start": { "line": 115, "column": 24 },
        "end": { "line": 115, "column": 57 }
      },
      "56": {
        "start": { "line": 116, "column": 4 },
        "end": { "line": 116, "column": 56 }
      },
      "57": {
        "start": { "line": 118, "column": 4 },
        "end": { "line": 118, "column": 29 }
      },
      "58": {
        "start": { "line": 120, "column": 0 },
        "end": { "line": 120, "column": null }
      },
      "59": {
        "start": { "line": 7, "column": 13 },
        "end": { "line": 7, "column": 20 }
      }
    },
    "fnMap": {
      "0": {
        "name": "(anonymous_2)",
        "decl": {
          "start": { "line": 7, "column": 0 },
          "end": { "line": 7, "column": 13 }
        },
        "loc": {
          "start": { "line": 7, "column": 0 },
          "end": { "line": 120, "column": null }
        }
      },
      "1": {
        "name": "Paladin",
        "decl": {
          "start": { "line": 13, "column": 2 },
          "end": { "line": 13, "column": 14 }
        },
        "loc": {
          "start": { "line": 13, "column": 54 },
          "end": { "line": 24, "column": 3 }
        }
      },
      "2": {
        "name": "(anonymous_4)",
        "decl": {
          "start": { "line": 26, "column": 2 },
          "end": { "line": 26, "column": 9 }
        },
        "loc": {
          "start": { "line": 26, "column": 2 },
          "end": { "line": 34, "column": 3 }
        }
      },
      "3": {
        "name": "(anonymous_5)",
        "decl": {
          "start": { "line": 36, "column": 2 },
          "end": { "line": 36, "column": 9 }
        },
        "loc": {
          "start": { "line": 36, "column": 2 },
          "end": { "line": 38, "column": 3 }
        }
      },
      "4": {
        "name": "(anonymous_6)",
        "decl": {
          "start": { "line": 40, "column": 2 },
          "end": { "line": 40, "column": 9 }
        },
        "loc": {
          "start": { "line": 40, "column": 2 },
          "end": { "line": 43, "column": 3 }
        }
      },
      "5": {
        "name": "(anonymous_7)",
        "decl": {
          "start": { "line": 45, "column": 2 },
          "end": { "line": 45, "column": 9 }
        },
        "loc": {
          "start": { "line": 45, "column": 69 },
          "end": { "line": 54, "column": 3 }
        }
      },
      "6": {
        "name": "(anonymous_8)",
        "decl": {
          "start": { "line": 56, "column": 2 },
          "end": { "line": 56, "column": 9 }
        },
        "loc": {
          "start": { "line": 56, "column": 2 },
          "end": { "line": 78, "column": 3 }
        }
      },
      "7": {
        "name": "(anonymous_9)",
        "decl": {
          "start": { "line": 80, "column": 2 },
          "end": { "line": 80, "column": 9 }
        },
        "loc": {
          "start": { "line": 80, "column": 2 },
          "end": { "line": 82, "column": 3 }
        }
      },
      "8": {
        "name": "(anonymous_10)",
        "decl": {
          "start": { "line": 84, "column": 2 },
          "end": { "line": 84, "column": 9 }
        },
        "loc": {
          "start": { "line": 84, "column": 2 },
          "end": { "line": 89, "column": 3 }
        }
      },
      "9": {
        "name": "(anonymous_11)",
        "decl": {
          "start": { "line": 91, "column": 2 },
          "end": { "line": 91, "column": 9 }
        },
        "loc": {
          "start": { "line": 91, "column": 42 },
          "end": { "line": 119, "column": 3 }
        }
      },
      "10": {
        "name": "(anonymous_12)",
        "decl": {
          "start": { "line": 111, "column": 6 },
          "end": { "line": 111, "column": 7 }
        },
        "loc": {
          "start": { "line": 111, "column": 11 },
          "end": { "line": 111, "column": 17 }
        }
      }
    },
    "branchMap": {
      "0": {
        "loc": {
          "start": { "line": 13, "column": 14 },
          "end": { "line": 13, "column": null }
        },
        "type": "if",
        "locations": [
          {
            "start": { "line": 13, "column": 14 },
            "end": { "line": 13, "column": null }
          },
          {
            "start": { "line": 13, "column": 14 },
            "end": { "line": 13, "column": null }
          }
        ]
      },
      "1": {
        "loc": {
          "start": { "line": 14, "column": 4 },
          "end": { "line": 23, "column": null }
        },
        "type": "if",
        "locations": [
          {
            "start": { "line": 14, "column": 4 },
            "end": { "line": 23, "column": null }
          },
          {
            "start": { "line": 14, "column": 4 },
            "end": { "line": 23, "column": null }
          }
        ]
      },
      "2": {
        "loc": {
          "start": { "line": 17, "column": 6 },
          "end": { "line": 19, "column": null }
        },
        "type": "if",
        "locations": [
          {
            "start": { "line": 17, "column": 6 },
            "end": { "line": 19, "column": null }
          },
          {
            "start": { "line": 17, "column": 6 },
            "end": { "line": 19, "column": null }
          }
        ]
      },
      "3": {
        "loc": {
          "start": { "line": 30, "column": 4 },
          "end": { "line": 32, "column": null }
        },
        "type": "if",
        "locations": [
          {
            "start": { "line": 30, "column": 4 },
            "end": { "line": 32, "column": null }
          },
          {
            "start": { "line": 30, "column": 4 },
            "end": { "line": 32, "column": null }
          }
        ]
      },
      "4": {
        "loc": {
          "start": { "line": 30, "column": 8 },
          "end": { "line": 30, "column": 17 }
        },
        "type": "binary-expr",
        "locations": [
          {
            "start": { "line": 30, "column": 8 },
            "end": { "line": 30, "column": 17 }
          },
          {
            "start": { "line": 30, "column": 21 },
            "end": { "line": 30, "column": 31 }
          }
        ]
      },
      "5": {
        "loc": {
          "start": { "line": 46, "column": 4 },
          "end": { "line": 48, "column": null }
        },
        "type": "if",
        "locations": [
          {
            "start": { "line": 46, "column": 4 },
            "end": { "line": 48, "column": null }
          },
          {
            "start": { "line": 46, "column": 4 },
            "end": { "line": 48, "column": null }
          }
        ]
      },
      "6": {
        "loc": {
          "start": { "line": 59, "column": 4 },
          "end": { "line": 61, "column": null }
        },
        "type": "if",
        "locations": [
          {
            "start": { "line": 59, "column": 4 },
            "end": { "line": 61, "column": null }
          },
          {
            "start": { "line": 59, "column": 4 },
            "end": { "line": 61, "column": null }
          }
        ]
      },
      "7": {
        "loc": {
          "start": { "line": 67, "column": 4 },
          "end": { "line": 69, "column": null }
        },
        "type": "if",
        "locations": [
          {
            "start": { "line": 67, "column": 4 },
            "end": { "line": 69, "column": null }
          },
          {
            "start": { "line": 67, "column": 4 },
            "end": { "line": 69, "column": null }
          }
        ]
      },
      "8": {
        "loc": {
          "start": { "line": 85, "column": 4 },
          "end": { "line": 87, "column": null }
        },
        "type": "if",
        "locations": [
          {
            "start": { "line": 85, "column": 4 },
            "end": { "line": 87, "column": null }
          },
          {
            "start": { "line": 85, "column": 4 },
            "end": { "line": 87, "column": null }
          }
        ]
      },
      "9": {
        "loc": {
          "start": { "line": 97, "column": 4 },
          "end": { "line": 99, "column": null }
        },
        "type": "if",
        "locations": [
          {
            "start": { "line": 97, "column": 4 },
            "end": { "line": 99, "column": null }
          },
          {
            "start": { "line": 97, "column": 4 },
            "end": { "line": 99, "column": null }
          }
        ]
      },
      "10": {
        "loc": {
          "start": { "line": 102, "column": 4 },
          "end": { "line": 106, "column": null }
        },
        "type": "if",
        "locations": [
          {
            "start": { "line": 102, "column": 4 },
            "end": { "line": 106, "column": null }
          },
          {
            "start": { "line": 102, "column": 4 },
            "end": { "line": 106, "column": null }
          }
        ]
      },
      "11": {
        "loc": {
          "start": { "line": 111, "column": 16 },
          "end": { "line": 111, "column": 46 }
        },
        "type": "binary-expr",
        "locations": [
          {
            "start": { "line": 111, "column": 16 },
            "end": { "line": 111, "column": 46 }
          },
          {
            "start": { "line": 111, "column": 50 },
            "end": { "line": 111, "column": 87 }
          }
        ]
      }
    },
    "s": {
      "0": 1,
      "1": 1,
      "2": 1,
      "3": 1,
      "4": 1,
      "5": 16,
      "6": 10,
      "7": 10,
      "8": 4,
      "9": 4,
      "10": 1,
      "11": 6,
      "12": 1,
      "13": 6,
      "14": 6,
      "15": 6,
      "16": 6,
      "17": 1,
      "18": 5,
      "19": 1,
      "20": 1,
      "21": 1,
      "22": 4,
      "23": 4,
      "24": 1,
      "25": 7,
      "26": 1,
      "27": 6,
      "28": 6,
      "29": 1,
      "30": 5,
      "31": 5,
      "32": 1,
      "33": 4,
      "34": 4,
      "35": 3,
      "36": 4,
      "37": 4,
      "38": 4,
      "39": 4,
      "40": 1,
      "41": 7,
      "42": 1,
      "43": 15,
      "44": 3,
      "45": 12,
      "46": 1,
      "47": 3,
      "48": 3,
      "49": 3,
      "50": 1,
      "51": 2,
      "52": 1,
      "53": 2,
      "54": 2,
      "55": 2,
      "56": 2,
      "57": 2,
      "58": 1,
      "59": 1
    },
    "f": {
      "0": 1,
      "1": 10,
      "2": 6,
      "3": 1,
      "4": 4,
      "5": 7,
      "6": 5,
      "7": 7,
      "8": 15,
      "9": 3,
      "10": 2
    },
    "b": {
      "0": [6, 4],
      "1": [4, 6],
      "2": [1, 3],
      "3": [1, 5],
      "4": [6, 5],
      "5": [1, 6],
      "6": [1, 4],
      "7": [3, 1],
      "8": [3, 12],
      "9": [1, 2],
      "10": [1, 1],
      "11": [2, 1]
    }
  }
}
