TN:
SF:/Users/matt/Code/P3/profiles/src/constants.ts
FNF:0
FNH:0
DA:3,1
DA:4,1
DA:6,1
DA:23,1
DA:28,1
LF:5
LH:5
BRF:0
BRH:0
end_of_record
TN:
SF:/Users/matt/Code/P3/profiles/src/crypto/keychain.ts
FN:5,(anonymous_1)
FN:26,PaladinKeychain
FN:6,(anonymous_3)
FN:33,(anonymous_4)
FN:45,(anonymous_5)
FN:57,(anonymous_6)
FNF:6
FNH:6
FNDA:2,(anonymous_1)
FNDA:26,PaladinKeychain
FNDA:10,(anonymous_3)
FNDA:11,(anonymous_4)
FNDA:11,(anonymous_5)
FNDA:7,(anonymous_6)
DA:3,2
DA:5,2
DA:6,2
DA:7,10
DA:18,10
DA:27,26
DA:28,1
DA:30,25
DA:33,2
DA:34,11
DA:35,11
DA:36,1
DA:40,10
DA:41,10
DA:42,10
DA:45,2
DA:46,11
DA:47,11
DA:48,1
DA:52,10
DA:53,10
DA:54,10
DA:57,2
DA:58,7
DA:60,2
LF:25
LH:25
BRDA:27,0,0,1
BRDA:27,0,1,25
BRDA:35,1,0,1
BRDA:35,1,1,10
BRDA:47,2,0,1
BRDA:47,2,1,10
BRF:6
BRH:6
end_of_record
TN:
SF:/Users/matt/Code/P3/profiles/src/paladin/paladin.ts
FN:7,(anonymous_2)
FN:13,Paladin
FN:26,(anonymous_4)
FN:36,(anonymous_5)
FN:40,(anonymous_6)
FN:45,(anonymous_7)
FN:56,(anonymous_8)
FN:80,(anonymous_9)
FN:84,(anonymous_10)
FN:91,(anonymous_11)
FN:111,(anonymous_12)
FNF:11
FNH:11
FNDA:1,(anonymous_2)
FNDA:10,Paladin
FNDA:6,(anonymous_4)
FNDA:1,(anonymous_5)
FNDA:4,(anonymous_6)
FNDA:7,(anonymous_7)
FNDA:5,(anonymous_8)
FNDA:7,(anonymous_9)
FNDA:15,(anonymous_10)
FNDA:3,(anonymous_11)
FNDA:2,(anonymous_12)
DA:2,1
DA:3,1
DA:4,1
DA:5,1
DA:7,1
DA:11,10
DA:13,16
DA:14,10
DA:16,4
DA:17,4
DA:18,1
DA:22,6
DA:26,1
DA:27,6
DA:28,6
DA:29,6
DA:30,6
DA:31,1
DA:33,5
DA:36,1
DA:37,1
DA:40,1
DA:41,4
DA:42,4
DA:45,1
DA:46,7
DA:47,1
DA:49,6
DA:50,6
DA:56,1
DA:58,5
DA:59,5
DA:60,1
DA:64,4
DA:67,4
DA:68,3
DA:70,4
DA:73,4
DA:74,4
DA:77,4
DA:80,1
DA:81,7
DA:84,1
DA:85,15
DA:86,3
DA:88,12
DA:91,1
DA:93,3
DA:96,3
DA:97,3
DA:98,1
DA:102,2
DA:103,1
DA:109,2
DA:111,2
DA:115,2
DA:116,2
DA:118,2
DA:120,1
LF:59
LH:59
BRDA:13,0,0,6
BRDA:13,0,1,4
BRDA:14,1,0,4
BRDA:14,1,1,6
BRDA:17,2,0,1
BRDA:17,2,1,3
BRDA:30,3,0,1
BRDA:30,3,1,5
BRDA:30,4,0,6
BRDA:30,4,1,5
BRDA:46,5,0,1
BRDA:46,5,1,6
BRDA:59,6,0,1
BRDA:59,6,1,4
BRDA:67,7,0,3
BRDA:67,7,1,1
BRDA:85,8,0,3
BRDA:85,8,1,12
BRDA:97,9,0,1
BRDA:97,9,1,2
BRDA:102,10,0,1
BRDA:102,10,1,1
BRDA:111,11,0,2
BRDA:111,11,1,1
BRF:24
BRH:24
end_of_record
